<?xml version="1.0" encoding="UTF-8"?>
<!-- Generated by org.testng.reporters.JUnitXMLReporter -->
<testsuite ignored="0" hostname="ABHIRAMI" failures="0" tests="6" name="Default test" time="62.012" errors="0" timestamp="2024-10-23T21:05:03 IST">
  <testcase classname="Testpackage.Testpage" name="Logintest" time="26.735"/>
  <testcase classname="Testpackage.Testpage" name="Registerdetails" time="4.157"/>
  <testcase classname="Testpackage.Testpage" name="Dropdown" time="0.929"/>
  <testcase classname="Testpackage.Testpage" name="passwordEnter" time="0.587"/>
  <testcase classname="Testpackage.Testpage" name="fileuploadMenu" time="0.093"/>
  <testcase classname="Testpackage.Testpage" name="switchTo" time="23.291"/>
</testsuite> <!-- Default test -->
