<?xml version="1.0" encoding="UTF-8"?>
<testng-results ignored="0" total="6" passed="6" failed="0" skipped="0">
  <reporter-output>
  </reporter-output>
  <suite started-at="2024-10-23T21:04:01 IST" name="Default suite" finished-at="2024-10-23T21:05:03 IST" duration-ms="62012">
    <groups>
    </groups>
    <test started-at="2024-10-23T21:04:01 IST" name="Default test" finished-at="2024-10-23T21:05:03 IST" duration-ms="62012">
      <class name="Testpackage.Testpage">
        <test-method is-config="true" signature="setUp()[pri:0, instance:Testpackage.Testpage@65c7a252]" started-at="2024-10-23T21:04:01 IST" name="setUp" finished-at="2024-10-23T21:04:08 IST" duration-ms="6074" status="PASS">
          <reporter-output>
          </reporter-output>
        </test-method> <!-- setUp -->
        <test-method signature="Logintest()[pri:1, instance:Testpackage.Testpage@65c7a252]" started-at="2024-10-23T21:04:08 IST" name="Logintest" finished-at="2024-10-23T21:04:34 IST" duration-ms="26735" status="PASS">
          <reporter-output>
          </reporter-output>
        </test-method> <!-- Logintest -->
        <test-method signature="Registerdetails()[pri:2, instance:Testpackage.Testpage@65c7a252]" started-at="2024-10-23T21:04:34 IST" name="Registerdetails" finished-at="2024-10-23T21:04:39 IST" duration-ms="4157" status="PASS">
          <reporter-output>
          </reporter-output>
        </test-method> <!-- Registerdetails -->
        <test-method signature="Dropdown()[pri:3, instance:Testpackage.Testpage@65c7a252]" started-at="2024-10-23T21:04:39 IST" name="Dropdown" finished-at="2024-10-23T21:04:39 IST" duration-ms="929" status="PASS">
          <reporter-output>
          </reporter-output>
        </test-method> <!-- Dropdown -->
        <test-method signature="passwordEnter()[pri:4, instance:Testpackage.Testpage@65c7a252]" started-at="2024-10-23T21:04:39 IST" name="passwordEnter" finished-at="2024-10-23T21:04:40 IST" duration-ms="587" status="PASS">
          <reporter-output>
          </reporter-output>
        </test-method> <!-- passwordEnter -->
        <test-method signature="fileuploadMenu()[pri:5, instance:Testpackage.Testpage@65c7a252]" started-at="2024-10-23T21:04:40 IST" name="fileuploadMenu" finished-at="2024-10-23T21:04:40 IST" duration-ms="93" status="PASS">
          <reporter-output>
          </reporter-output>
        </test-method> <!-- fileuploadMenu -->
        <test-method signature="switchTo()[pri:6, instance:Testpackage.Testpage@65c7a252]" started-at="2024-10-23T21:04:40 IST" name="switchTo" finished-at="2024-10-23T21:05:03 IST" duration-ms="23291" status="PASS">
          <reporter-output>
          </reporter-output>
        </test-method> <!-- switchTo -->
      </class> <!-- Testpackage.Testpage -->
    </test> <!-- Default test -->
  </suite> <!-- Default suite -->
</testng-results>
